[2026-03-15 19:25:29] [INFO] Изменение приоритета у priority: 1
[2026-03-15 19:25:29] [INFO] Изменение приоритета у priority: 2
[2026-03-15 19:25:29] [INFO] Файл tasks.json успешно прочитан, загружено 2 задач
[2026-03-15 19:25:29] [INFO] 1: first [приоритет: 1]
[2026-03-15 19:25:29] [INFO] 2: second [приоритет: 2]
[2026-03-15 19:25:29] [INFO] Изменение приоритета у priority: 2
[2026-03-15 19:25:29] [INFO] Изменение приоритета у priority: 3
[2026-03-15 19:25:29] [INFO] Изменение приоритета у priority: 4
[2026-03-15 19:25:29] [INFO] Изменение приоритета у priority: 5
[2026-03-15 19:25:29] [INFO] Изменение приоритета у priority: 6
[2026-03-15 19:25:29] [INFO] Сгенерировано 5 задач
[2026-03-15 19:25:29] [INFO] 1: task №1 [приоритет: 2]
[2026-03-15 19:25:29] [INFO] 2: task №2 [приоритет: 3]
[2026-03-15 19:25:29] [INFO] 3: task №3 [приоритет: 4]
[2026-03-15 19:25:29] [INFO] 4: task №4 [приоритет: 5]
[2026-03-15 19:25:29] [INFO] 5: task №5 [приоритет: 6]
[2026-03-15 19:25:29] [INFO] Данные из API прочитаны, получено 3 задач
[2026-03-15 19:25:29] [INFO] Изменение приоритета у priority: 8
[2026-03-15 19:25:29] [INFO] Изменение приоритета у priority: 7
[2026-03-15 19:25:29] [INFO] Изменение приоритета у priority: 6
[2026-03-15 19:25:29] [INFO] report67: report [приоритет: 8]
[2026-03-15 19:25:29] [INFO] backup_52: backup [приоритет: 7]
[2026-03-15 19:25:29] [INFO] msg13: send_message [приоритет: 6]
[2026-03-15 19:25:58] [INFO] Изменение приоритета у priority: 1
[2026-03-15 19:25:58] [INFO] Изменение приоритета у priority: 2
[2026-03-15 19:25:58] [INFO] Файл tasks.json успешно прочитан, загружено 2 задач
[2026-03-15 19:25:58] [INFO] 1: first [приоритет: 1]
[2026-03-15 19:25:58] [INFO] 2: second [приоритет: 2]
[2026-03-15 19:25:58] [INFO] Изменение приоритета у priority: 2
[2026-03-15 19:25:58] [INFO] Изменение приоритета у priority: 3
[2026-03-15 19:25:58] [INFO] Изменение приоритета у priority: 4
[2026-03-15 19:25:58] [INFO] Изменение приоритета у priority: 5
[2026-03-15 19:25:58] [INFO] Изменение приоритета у priority: 6
[2026-03-15 19:25:58] [INFO] Сгенерировано 5 задач
[2026-03-15 19:25:58] [INFO] 1: task №1 [приоритет: 2]
[2026-03-15 19:25:58] [INFO] 2: task №2 [приоритет: 3]
[2026-03-15 19:25:58] [INFO] 3: task №3 [приоритет: 4]
[2026-03-15 19:25:58] [INFO] 4: task №4 [приоритет: 5]
[2026-03-15 19:25:58] [INFO] 5: task №5 [приоритет: 6]
[2026-03-15 19:25:58] [INFO] Данные из API прочитаны, получено 3 задач
[2026-03-15 19:25:58] [INFO] Изменение приоритета у priority: 7
[2026-03-15 19:25:58] [INFO] Изменение приоритета у priority: 6
[2026-03-15 19:25:58] [INFO] Изменение приоритета у priority: 2
[2026-03-15 19:25:58] [INFO] report67: report [приоритет: 7]
[2026-03-15 19:25:58] [INFO] backup_52: backup [приоритет: 6]
[2026-03-15 19:25:58] [INFO] msg13: send_message [приоритет: 2]
[2026-03-15 20:01:28] [INFO] Файл tasks.json успешно прочитан, загружено 2 задач
[2026-03-15 20:01:28] [INFO] 1: first [приоритет: 1]
[2026-03-15 20:01:28] [INFO] 2: second [приоритет: 2]
[2026-03-15 20:01:28] [INFO] Сгенерировано 5 задач
[2026-03-15 20:01:28] [INFO] 1: task №1 [приоритет: 2]
[2026-03-15 20:01:28] [INFO] 2: task №2 [приоритет: 3]
[2026-03-15 20:01:28] [INFO] 3: task №3 [приоритет: 4]
[2026-03-15 20:01:28] [INFO] 4: task №4 [приоритет: 5]
[2026-03-15 20:01:28] [INFO] 5: task №5 [приоритет: 6]
[2026-03-15 20:01:28] [INFO] Данные из API прочитаны, получено 3 задач
[2026-03-15 20:01:28] [INFO] report67: report [приоритет: 5]
[2026-03-15 20:01:28] [INFO] backup_52: backup [приоритет: 1]
[2026-03-15 20:01:28] [INFO] msg13: send_message [приоритет: 6]
[2026-03-15 20:19:36] [INFO] Файл tasks.json успешно прочитан, загружено 2 задач
[2026-03-15 20:19:36] [INFO] 1: first [приоритет: 1]
[2026-03-15 20:19:36] [INFO] 2: second [приоритет: 2]
[2026-03-15 20:19:36] [INFO] Сгенерировано 5 задач
[2026-03-15 20:19:36] [INFO] 1: task №1 [приоритет: 2]
[2026-03-15 20:19:36] [INFO] 2: task №2 [приоритет: 3]
[2026-03-15 20:19:36] [INFO] 3: task №3 [приоритет: 4]
[2026-03-15 20:19:36] [INFO] 4: task №4 [приоритет: 5]
[2026-03-15 20:19:36] [INFO] 5: task №5 [приоритет: 6]
[2026-03-15 20:19:36] [INFO] Данные из API прочитаны, получено 3 задач
[2026-03-15 20:19:36] [INFO] report67: report [приоритет: 9]
[2026-03-15 20:19:36] [INFO] backup_52: backup [приоритет: 1]
[2026-03-15 20:19:36] [INFO] msg13: send_message [приоритет: 6]
